0 info it worked if it ends with ok
1 verbose cli [ 'C:\\Program Files\\nodejs\\node.exe',
1 verbose cli   'C:\\Program Files\\nodejs\\node_modules\\npm\\bin\\npm-cli.js',
1 verbose cli   'publish' ]
2 info using npm@2.14.4
3 info using node@v4.1.2
4 verbose publish [ '.' ]
5 silly cache add args [ '.', null ]
6 verbose cache add spec .
7 silly cache add parsed spec Result {
7 silly cache add   raw: '.',
7 silly cache add   scope: null,
7 silly cache add   name: null,
7 silly cache add   rawSpec: '.',
7 silly cache add   spec: 'D:\\Apps\\angular2-build-system',
7 silly cache add   type: 'directory' }
8 verbose addLocalDirectory C:\Users\Evgenii\AppData\Roaming\npm-cache\angular2-build-system\0.0.1\package.tgz not in flight; packing
9 verbose tar pack [ 'C:\\Users\\Evgenii\\AppData\\Roaming\\npm-cache\\angular2-build-system\\0.0.1\\package.tgz',
9 verbose tar pack   'D:\\Apps\\angular2-build-system' ]
10 verbose tarball C:\Users\Evgenii\AppData\Roaming\npm-cache\angular2-build-system\0.0.1\package.tgz
11 verbose folder D:\Apps\angular2-build-system
12 info prepublish angular2-build-system@0.0.1
13 verbose addLocalTarball adding from inside cache C:\Users\Evgenii\AppData\Roaming\npm-cache\angular2-build-system\0.0.1\package.tgz
14 silly cache afterAdd angular2-build-system@0.0.1
15 verbose afterAdd C:\Users\Evgenii\AppData\Roaming\npm-cache\angular2-build-system\0.0.1\package\package.json not in flight; writing
16 verbose afterAdd C:\Users\Evgenii\AppData\Roaming\npm-cache\angular2-build-system\0.0.1\package\package.json written
17 silly publish { version: '0.0.1',
17 silly publish   name: 'angular2-build-system',
17 silly publish   title: 'Angular2 build system',
17 silly publish   description: 'This is a fork of Angular2 Tour of Heroes app illustrating a mimimun build system setup for Angular 2, which includes Gulp, TypeScript, TSLint, SystemJS, Browsersync and LESS.',
17 silly publish   homepage: 'https://github.com/eakoryakin/angular2-build-system',
17 silly publish   author:
17 silly publish    { name: 'Evgenii Koriakin',
17 silly publish      url: 'https://github.com/eakoryakin' },
17 silly publish   license: '(MIT OR Apache-2.0)',
17 silly publish   repository:
17 silly publish    { type: 'git',
17 silly publish      url: 'git+https://github.com/eakoryakin/angular2-build-system.git' },
17 silly publish   keywords:
17 silly publish    [ 'angular build',
17 silly publish      'angular 2 build',
17 silly publish      'angular2 build',
17 silly publish      'angular2 build system',
17 silly publish      'angular 2 build system',
17 silly publish      'angularjs build' ],
17 silly publish   bugs: { url: 'https://github.com/eakoryakin/angular2-build-system/issues' },
17 silly publish   dependencies:
17 silly publish    { angular2: '2.0.0-beta.17',
17 silly publish      'es6-promise': '3.1.2',
17 silly publish      'es6-shim': '0.35.0',
17 silly publish      rxjs: '5.0.0-beta.6',
17 silly publish      systemjs: '0.19.27' },
17 silly publish   devDependencies:
17 silly publish    { typescript: '1.8.10',
17 silly publish      tslint: '3.9.0',
17 silly publish      'browser-sync': '2.12.7',
17 silly publish      del: '2.2.0',
17 silly publish      gulp: '3.9.0',
17 silly publish      'gulp-sourcemaps': '2.0.0-alpha',
17 silly publish      'gulp-tslint': '5.0.0',
17 silly publish      'gulp-typescript': '2.13.1',
17 silly publish      'gulp-less': '3.1.0',
17 silly publish      'gulp-concat': '2.6.0',
17 silly publish      'gulp-clean-css': '2.0.7' },
17 silly publish   readme: '# Angular2 build system\r\n\r\n## Overview\r\n\r\nThis is a fork of Angular2 Tour of Heroes app illustrating a mimimun build system setup for Angular 2, which includes Gulp, TypeScript, TSLint, SystemJS, Browsersync and LESS.\r\n\r\n## Getting started\r\n\r\n1. `npm install`\r\n2. `gulp`\r\n\r\n## Gulp tasks\r\n\r\n### gulp build\r\n\r\nBuilds the app to the the distribution directory.\r\n\r\n### gulp start\r\n\r\nBuilds and starts the app.\r\n\r\n### gulp\r\n\r\nDoes the same as `gulp start`.\r\n\r\n### gulp clean\r\n\r\nCleans the distribution directory.\r\n\r\n### gulp copy-libraries\r\n\r\nCopies libraries to the distribution directory.\r\n\r\n### gulp copy-html\r\n\r\nCopies HTML files to the distribution directory.\r\n\r\n### gulp copy-js\r\n\r\nCompiles TypeScript files and copies them to the distribution directory.\r\nIt also creates sourcemap files.\r\n\r\n### gulp check-js\r\n\r\nChecks TypeScript files for mistakes.\r\n\r\n### gulp copy-css\r\n\r\nCompiles LESS files and copies them to the distribution directory.\r\nIt also uses Browsersync to auto-inject CSS files to browsers when they are changed.\r\n\r\n',
17 silly publish   readmeFilename: 'README.md',
17 silly publish   gitHead: 'cfde20d9a1c6427b3ac32f1d686b5ad0ea1125e6',
17 silly publish   _id: 'angular2-build-system@0.0.1',
17 silly publish   scripts: {},
17 silly publish   _shasum: 'de55023b51fc0915633590ef245ec54e9ff7aa0a',
17 silly publish   _from: '.' }
18 verbose getPublishConfig undefined
19 silly mapToRegistry name angular2-build-system
20 silly mapToRegistry using default registry
21 silly mapToRegistry registry https://registry.npmjs.org/
22 silly mapToRegistry uri https://registry.npmjs.org/angular2-build-system
23 verbose publish registryBase https://registry.npmjs.org/
24 silly publish uploading C:\Users\Evgenii\AppData\Roaming\npm-cache\angular2-build-system\0.0.1\package.tgz
25 verbose request uri https://registry.npmjs.org/angular2-build-system
26 verbose request sending authorization for write operation
27 info attempt registry request try #1 at 12:23:22 PM
28 verbose request using bearer token for auth
29 verbose request id 2e98071183ffd28e
30 http request PUT https://registry.npmjs.org/angular2-build-system
31 http 403 https://registry.npmjs.org/angular2-build-system
32 verbose headers { 'content-type': 'application/json',
32 verbose headers   'cache-control': 'max-age=300',
32 verbose headers   'content-length': '128',
32 verbose headers   'accept-ranges': 'bytes',
32 verbose headers   date: 'Fri, 13 May 2016 08:23:27 GMT',
32 verbose headers   via: '1.1 varnish',
32 verbose headers   connection: 'keep-alive',
32 verbose headers   'x-served-by': 'cache-sin6921-SIN',
32 verbose headers   'x-cache': 'MISS',
32 verbose headers   'x-cache-hits': '0',
32 verbose headers   'x-timer': 'S1463127806.696970,VS0,VE1013',
32 verbose headers   vary: 'Accept-Encoding' }
33 verbose request invalidating C:\Users\Evgenii\AppData\Roaming\npm-cache\registry.npmjs.org\angular2-build-system on PUT
34 error publish Failed PUT 403
35 verbose stack Error: "You cannot publish over the previously published version 0.0.1. Try bumping the version to 1.0.0" : angular2-build-system
35 verbose stack     at makeError (C:\Program Files\nodejs\node_modules\npm\node_modules\npm-registry-client\lib\request.js:263:12)
35 verbose stack     at CachingRegistryClient.<anonymous> (C:\Program Files\nodejs\node_modules\npm\node_modules\npm-registry-client\lib\request.js:251:14)
35 verbose stack     at Request._callback (C:\Program Files\nodejs\node_modules\npm\node_modules\npm-registry-client\lib\request.js:171:14)
35 verbose stack     at Request.self.callback (C:\Program Files\nodejs\node_modules\npm\node_modules\request\request.js:198:22)
35 verbose stack     at emitTwo (events.js:87:13)
35 verbose stack     at Request.emit (events.js:172:7)
35 verbose stack     at Request.<anonymous> (C:\Program Files\nodejs\node_modules\npm\node_modules\request\request.js:1073:14)
35 verbose stack     at emitOne (events.js:82:20)
35 verbose stack     at Request.emit (events.js:169:7)
35 verbose stack     at IncomingMessage.<anonymous> (C:\Program Files\nodejs\node_modules\npm\node_modules\request\request.js:1019:12)
36 verbose statusCode 403
37 verbose pkgid angular2-build-system
38 verbose cwd D:\Apps\angular2-build-system
39 error Windows_NT 10.0.10586
40 error argv "C:\\Program Files\\nodejs\\node.exe" "C:\\Program Files\\nodejs\\node_modules\\npm\\bin\\npm-cli.js" "publish"
41 error node v4.1.2
42 error npm  v2.14.4
43 error code E403
44 error "You cannot publish over the previously published version 0.0.1. Try bumping the version to 1.0.0" : angular2-build-system
45 error If you need help, you may report this error at:
45 error     <https://github.com/npm/npm/issues>
46 verbose exit [ 1, true ]
